#
# A fatal error has been detected by the Java Runtime Environment:
#
#  SIGBUS (0x7) at pc=0x00007b6b13e8cc8e, pid=23047, tid=23074
#
# JRE version: OpenJDK Runtime Environment (11.0.18+10) (build 11.0.18+10-post-Debian-1deb11u1)
# Java VM: OpenJDK 64-Bit Server VM (11.0.18+10-post-Debian-1deb11u1, mixed mode, sharing, tiered, compressed oops, g1 gc, linux-amd64)
# Problematic frame:
# V  [libjvm.so+0xc17c8e]
#
# Core dump will be written. Default location: Core dumps may be processed with "/sbin/crash_reporter --user=%P:%s:%u:%g:%f" (or dumping to /home/sionaravi/CodersNotPosers-1/android/core.23047)
#
# If you would like to submit a bug report, please visit:
#   https://bugs.debian.org/openjdk-11
#

---------------  S U M M A R Y ------------

Command Line: -Xmx64m -Xms64m -Dorg.gradle.appname=gradlew org.gradle.wrapper.GradleWrapperMain app:installDebug -PreactNativeDevServerPort=8081

Host: AMD Ryzen 3 5125C with Radeon Graphics, 4 cores, 6G, Debian GNU/Linux 11 (bullseye)
Time: Sat Feb 25 23:41:46 2023 EST elapsed time: 145.850192 seconds (0d 0h 2m 25s)

---------------  T H R E A D  ---------------

Current thread (0x00007b6b0c10e800):  WatcherThread [stack: 0x00007b6adef14000,0x00007b6adf014000] [id=23074]

Stack: [0x00007b6adef14000,0x00007b6adf014000],  sp=0x00007b6adf012d40,  free space=1019k
Native frames: (J=compiled Java code, A=aot compiled Java code, j=interpreted, Vv=VM code, C=native code)
V  [libjvm.so+0xc17c8e]
V  [libjvm.so+0xd65142]
V  [libjvm.so+0xdd839c]
V  [libjvm.so+0xdfd6d7]
V  [libjvm.so+0xe0361c]
V  [libjvm.so+0xbcbac6]


siginfo: si_signo: 7 (SIGBUS), si_code: 2 (BUS_ADRERR), si_addr: 0x00007b6b12df9278

Register to memory mapping:

RAX=0x00000021a8878c4b is an unknown value
RBX=0x00007b6b12df9278 points into unknown readable memory: 0x00000021a58b09b9 | b9 09 8b a5 21 00 00 00
RCX=0x0000000000000018 is an unknown value
RDX=0x0 is NULL
RSP=0x00007b6adf012d40 points into unknown readable memory: 0x0000000000000007 | 07 00 00 00 00 00 00 00
RBP=0x00007b6adf012d50 points into unknown readable memory: 0x00007b6adf012d70 | 70 2d 01 df 6a 7b 00 00
RSI=0x00007b6adf012d20 points into unknown readable memory: 0x00000000000309bc | bc 09 03 00 00 00 00 00
RDI=0x0000000020a5b7ec is an unknown value
R8 =0x00007ffe256870b0 points into unknown readable memory: 0x00000000000309bd | bd 09 03 00 00 00 00 00
R9 =0x0000000000000010 is an unknown value
R10=0x00007ffe25687080 points into unknown readable memory: 0x00000001007c4178 | 78 41 7c 00 01 00 00 00
R11=0x00000000007c3950 is an unknown value
R12=0x00007b6b0c0e24a0 points into unknown readable memory: 0x00007b6b0c10e040 | 40 e0 10 0c 6b 7b 00 00
R13=0x0000000000000001 is an unknown value
R14=0x0000000000000002 is an unknown value
R15=0x00007b6b144ed7c0: <offset 0x00000000012787c0> in /usr/lib/jvm/java-11-openjdk-amd64/lib/server/libjvm.so at 0x00007b6b13275000


Registers:
RAX=0x00000021a8878c4b, RBX=0x00007b6b12df9278, RCX=0x0000000000000018, RDX=0x0000000000000000
RSP=0x00007b6adf012d40, RBP=0x00007b6adf012d50, RSI=0x00007b6adf012d20, RDI=0x0000000020a5b7ec
R8 =0x00007ffe256870b0, R9 =0x0000000000000010, R10=0x00007ffe25687080, R11=0x00000000007c3950
R12=0x00007b6b0c0e24a0, R13=0x0000000000000001, R14=0x0000000000000002, R15=0x00007b6b144ed7c0
RIP=0x00007b6b13e8cc8e, EFLAGS=0x0000000000010206, CSGSFS=0x002b000000000033, ERR=0x0000000000000007
  TRAPNO=0x000000000000000e

Top of Stack: (sp=0x00007b6adf012d40)
0x00007b6adf012d40:   0000000000000007 0000000000000001
0x00007b6adf012d50:   00007b6adf012d70 00007b6b13fda142
0x00007b6adf012d60:   0000000000000032 0000000000000032
0x00007b6adf012d70:   00007b6adf012dc0 00007b6b1404d39c 

Instructions: (pc=0x00007b6b13e8cc8e)
0x00007b6b13e8cb8e:   02 48 8d 15 02 49 65 00 48 03 02 c7 00 01 00 00
0x00007b6b13e8cb9e:   00 41 83 3f 01 0f 85 06 fd ff ff 49 8b 04 24 48
0x00007b6b13e8cbae:   8d 15 fc 87 8a ff 48 8b 40 28 48 39 d0 0f 85 97
0x00007b6b13e8cbbe:   00 00 00 49 8b 84 24 08 01 00 00 48 c1 e8 03 83
0x00007b6b13e8cbce:   e0 01 e9 e8 fc ff ff 0f 1f 00 41 8b 84 24 d8 00
0x00007b6b13e8cbde:   00 00 a8 04 0f 84 8e fd ff ff e9 7f fd ff ff 0f
0x00007b6b13e8cbee:   1f 00 48 8d 05 91 4f 5f 00 48 8d 0d 1e d6 34 00
0x00007b6b13e8cbfe:   48 8d 15 2d d6 34 00 be 44 01 00 00 48 8d 3d 0f
0x00007b6b13e8cc0e:   d5 34 00 48 8b 00 c6 00 58 31 c0 e8 e2 a8 a5 ff
0x00007b6b13e8cc1e:   e8 cd c0 fa ff e9 72 fd ff ff 0f 1f 84 00 00 00
0x00007b6b13e8cc2e:   00 00 4c 89 e7 45 31 e4 e8 45 64 1e 00 e9 24 fc
0x00007b6b13e8cc3e:   ff ff 4c 89 e7 ff d0 84 c0 0f 84 8a fd ff ff e9
0x00007b6b13e8cc4e:   e8 fe ff ff 66 0f 1f 44 00 00 4c 89 e7 ff d0 84
0x00007b6b13e8cc5e:   c0 0f 84 4a fc ff ff e9 57 ff ff ff 66 0f 1f 44
0x00007b6b13e8cc6e:   00 00 4c 8b 47 38 4d 85 c0 74 27 55 48 89 e5 53
0x00007b6b13e8cc7e:   48 83 ec 08 49 8b 00 48 8b 5f 28 4c 89 c7 ff 10
0x00007b6b13e8cc8e:   48 89 03 48 8b 5d f8 c9 c3 66 0f 1f 84 00 00 00
0x00007b6b13e8cc9e:   00 00 c3 90 66 66 2e 0f 1f 84 00 00 00 00 00 0f
0x00007b6b13e8ccae:   1f 00 49 89 f8 48 89 f7 48 63 f2 49 8b 40 28 48
0x00007b6b13e8ccbe:   8d 15 47 b4 34 00 48 8b 08 31 c0 e9 f2 62 cf ff
0x00007b6b13e8ccce:   66 90 49 89 f8 31 c0 48 89 f7 48 63 f2 49 8b 48
0x00007b6b13e8ccde:   28 48 8d 15 98 39 31 00 e9 d5 62 cf ff 90 0f 1f
0x00007b6b13e8ccee:   40 00 55 48 8d 05 b8 ac 5e 00 66 41 0f 6e c0 66
0x00007b6b13e8ccfe:   0f 6e c9 66 0f 62 c1 48 89 e5 41 57 49 89 d7 41
0x00007b6b13e8cd0e:   56 41 55 4c 63 ee 41 54 53 48 89 fb 48 83 ec 18
0x00007b6b13e8cd1e:   48 89 07 48 8d 05 b8 00 61 00 48 c7 47 08 00 00
0x00007b6b13e8cd2e:   00 00 4e 8b 34 e8 c6 47 18 00 48 c7 47 28 00 00
0x00007b6b13e8cd3e:   00 00 66 0f d6 47 10 48 89 d7 e8 c3 a6 66 ff 4c
0x00007b6b13e8cd4e:   89 f7 48 89 45 c8 e8 b7 a6 66 ff 48 8b 55 c8 be
0x00007b6b13e8cd5e:   07 00 00 00 48 8d 7c 02 02 31 d2 e8 d2 ec 7e ff
0x00007b6b13e8cd6e:   48 89 43 08 48 89 c7 41 83 fd 18 74 65 4d 89 ec
0x00007b6b13e8cd7e:   4d 69 ed 56 55 55 55 4d 89 f9 4d 89 f0 48 8d 0d 


Stack slot to memory mapping:
stack at sp + 0 slots: 0x0000000000000007 is an unknown value
stack at sp + 1 slots: 0x0000000000000001 is an unknown value
stack at sp + 2 slots: 0x00007b6adf012d70 points into unknown readable memory: 0x00007b6adf012dc0 | c0 2d 01 df 6a 7b 00 00
stack at sp + 3 slots: 0x00007b6b13fda142: <offset 0x0000000000d65142> in /usr/lib/jvm/java-11-openjdk-amd64/lib/server/libjvm.so at 0x00007b6b13275000
stack at sp + 4 slots: 0x0000000000000032 is an unknown value
stack at sp + 5 slots: 0x0000000000000032 is an unknown value
stack at sp + 6 slots: 0x00007b6adf012dc0 points into unknown readable memory: 0x00007b6adf012e40 | 40 2e 01 df 6a 7b 00 00
stack at sp + 7 slots: 0x00007b6b1404d39c: <offset 0x0000000000dd839c> in /usr/lib/jvm/java-11-openjdk-amd64/lib/server/libjvm.so at 0x00007b6b13275000


---------------  P R O C E S S  ---------------

Threads class SMR info:
_java_thread_list=0x00007b6b0ca9a350, length=13, elements={
0x00007b6b0c016800, 0x00007b6b0c0a5800, 0x00007b6b0c0a8000, 0x00007b6b0c0ad800,
0x00007b6b0c0af800, 0x00007b6b0c0b1800, 0x00007b6b0c0b3800, 0x00007b6b0c0b5800,
0x00007b6b0c111000, 0x00007b6b0c8a1000, 0x00007b6aac00a000, 0x00007b6b0ca98000,
0x00007b6b0ca99000
}

Java Threads: ( => current thread )
  0x00007b6b0c016800 JavaThread "main" [_thread_in_native, id=23059, stack(0x00007b6b12e49000,0x00007b6b12f4a000)]
  0x00007b6b0c0a5800 JavaThread "Reference Handler" daemon [_thread_blocked, id=23067, stack(0x00007b6af4113000,0x00007b6af4214000)]
  0x00007b6b0c0a8000 JavaThread "Finalizer" daemon [_thread_blocked, id=23068, stack(0x00007b6af4012000,0x00007b6af4113000)]
  0x00007b6b0c0ad800 JavaThread "Signal Dispatcher" daemon [_thread_blocked, id=23069, stack(0x00007b6adf418000,0x00007b6adf519000)]
  0x00007b6b0c0af800 JavaThread "Service Thread" daemon [_thread_blocked, id=23070, stack(0x00007b6adf317000,0x00007b6adf418000)]
  0x00007b6b0c0b1800 JavaThread "C2 CompilerThread0" daemon [_thread_blocked, id=23071, stack(0x00007b6adf216000,0x00007b6adf317000)]
  0x00007b6b0c0b3800 JavaThread "C1 CompilerThread0" daemon [_thread_in_vm, id=23072, stack(0x00007b6adf115000,0x00007b6adf216000)]
  0x00007b6b0c0b5800 JavaThread "Sweeper thread" daemon [_thread_blocked, id=23073, stack(0x00007b6adf014000,0x00007b6adf115000)]
  0x00007b6b0c111000 JavaThread "Common-Cleaner" daemon [_thread_blocked, id=23075, stack(0x00007b6adee11000,0x00007b6adef12000)]
  0x00007b6b0c8a1000 JavaThread "pool-1-thread-1" [_thread_blocked, id=23077, stack(0x00007b6ade78a000,0x00007b6ade88b000)]
  0x00007b6aac00a000 JavaThread "process reaper" daemon [_thread_in_native, id=23083, stack(0x00007b6ade75a000,0x00007b6ade77c000)]
  0x00007b6b0ca98000 JavaThread "DisconnectableInputStream source reader" daemon [_thread_in_native, id=23113, stack(0x00007b6ade1ff000,0x00007b6ade300000)]
  0x00007b6b0ca99000 JavaThread "Forward input" [_thread_blocked, id=23114, stack(0x00007b6addffd000,0x00007b6ade0fe000)]

Other Threads:
  0x00007b6b0c0a3000 VMThread "VM Thread" [stack: 0x00007b6af4216000,0x00007b6af4316000] [id=23066]
=>0x00007b6b0c10e800 WatcherThread [stack: 0x00007b6adef14000,0x00007b6adf014000] [id=23074]
  0x00007b6b0c02e800 GCTaskThread "GC Thread#0" [stack: 0x00007b6b12af4000,0x00007b6b12bf4000] [id=23061]
  0x00007b6ad8001000 GCTaskThread "GC Thread#1" [stack: 0x00007b6adecc8000,0x00007b6adedc8000] [id=23076]
  0x00007b6ad8003800 GCTaskThread "GC Thread#2" [stack: 0x00007b6addefd000,0x00007b6addffd000] [id=23104]
  0x00007b6ad8004800 GCTaskThread "GC Thread#3" [stack: 0x00007b6adddfb000,0x00007b6addefb000] [id=23105]
  0x00007b6b0c035800 ConcurrentGCThread "G1 Main Marker" [stack: 0x00007b6b1238b000,0x00007b6b1248b000] [id=23062]
  0x00007b6b0c037000 ConcurrentGCThread "G1 Conc#0" [stack: 0x00007b6b12289000,0x00007b6b12389000] [id=23063]
  0x00007b6b0c07a800 ConcurrentGCThread "G1 Refine#0" [stack: 0x00007b6af44f6000,0x00007b6af45f6000] [id=23064]
  0x00007b6b0c07c800 ConcurrentGCThread "G1 Young RemSet Sampling" [stack: 0x00007b6af43f4000,0x00007b6af44f4000] [id=23065]

Threads with active compile tasks:
C1 CompilerThread0   145862 1500       3       org.gradle.internal.logging.console.DefaultAnsiExecutor$AnsiContextImpl::a (234 bytes)

VM state:not at safepoint (normal execution)

VM Mutex/Monitor currently owned by a thread:  ([mutex/lock_event])
[0x00007b6b0c012690] CodeCache_lock - owner thread: 0x00007b6b0c0b3800
[0x00007b6b0c0142b0] Compile_lock - owner thread: 0x00007b6b0c0b3800
[0x00007b6b0c014460] MethodCompileQueue_lock - owner thread: 0x00007b6b0c0b3800
[0x00007b6b0c0146a0] PeriodicTask_lock - owner thread: 0x00007b6b0c10e800

Heap address: 0x00000000fc000000, size: 64 MB, Compressed Oops mode: 32-bit
Narrow klass base: 0x0000000800000000, Narrow klass shift: 3
Compressed class space size: 1073741824 Address: 0x0000000840000000

Heap:
 garbage-first heap   total 65536K, used 13637K [0x00000000fc000000, 0x0000000100000000)
  region size 1024K, 5 young (5120K), 1 survivors (1024K)
 Metaspace       used 9203K, capacity 9901K, committed 10112K, reserved 1058816K
  class space    used 1199K, capacity 1329K, committed 1408K, reserved 1048576K
Heap Regions: E=young(eden), S=young(survivor), O=old, HS=humongous(starts), HC=humongous(continues), CS=collection set, F=free, A=archive, TAMS=top-at-mark-start (previous, next)
|   0|0x00000000fc000000, 0x00000000fc100000, 0x00000000fc100000|100%|HS|  |TAMS 0x00000000fc000000, 0x00000000fc000000| Complete 
|   1|0x00000000fc100000, 0x00000000fc200000, 0x00000000fc200000|100%|HC|  |TAMS 0x00000000fc100000, 0x00000000fc100000| Complete 
|   2|0x00000000fc200000, 0x00000000fc300000, 0x00000000fc300000|100%|HC|  |TAMS 0x00000000fc200000, 0x00000000fc200000| Complete 
|   3|0x00000000fc300000, 0x00000000fc400000, 0x00000000fc400000|100%| O|  |TAMS 0x00000000fc300000, 0x00000000fc300000| Untracked 
|   4|0x00000000fc400000, 0x00000000fc500000, 0x00000000fc500000|100%| O|  |TAMS 0x00000000fc400000, 0x00000000fc400000| Untracked 
|   5|0x00000000fc500000, 0x00000000fc600000, 0x00000000fc600000|100%| O|  |TAMS 0x00000000fc500000, 0x00000000fc500000| Untracked 
|   6|0x00000000fc600000, 0x00000000fc700000, 0x00000000fc700000|100%| O|  |TAMS 0x00000000fc600000, 0x00000000fc600000| Untracked 
|   7|0x00000000fc700000, 0x00000000fc800000, 0x00000000fc800000|100%| O|  |TAMS 0x00000000fc700000, 0x00000000fc700000| Untracked 
|   8|0x00000000fc800000, 0x00000000fc89e400, 0x00000000fc900000| 61%| O|  |TAMS 0x00000000fc800000, 0x00000000fc800000| Untracked 
|   9|0x00000000fc900000, 0x00000000fc900000, 0x00000000fca00000|  0%| F|  |TAMS 0x00000000fc900000, 0x00000000fc900000| Untracked 
|  10|0x00000000fca00000, 0x00000000fca00000, 0x00000000fcb00000|  0%| F|  |TAMS 0x00000000fca00000, 0x00000000fca00000| Untracked 
|  11|0x00000000fcb00000, 0x00000000fcb00000, 0x00000000fcc00000|  0%| F|  |TAMS 0x00000000fcb00000, 0x00000000fcb00000| Untracked 
|  12|0x00000000fcc00000, 0x00000000fcc00000, 0x00000000fcd00000|  0%| F|  |TAMS 0x00000000fcc00000, 0x00000000fcc00000| Untracked 
|  13|0x00000000fcd00000, 0x00000000fcd00000, 0x00000000fce00000|  0%| F|  |TAMS 0x00000000fcd00000, 0x00000000fcd00000| Untracked 
|  14|0x00000000fce00000, 0x00000000fce00000, 0x00000000fcf00000|  0%| F|  |TAMS 0x00000000fce00000, 0x00000000fce00000| Untracked 
|  15|0x00000000fcf00000, 0x00000000fcf00000, 0x00000000fd000000|  0%| F|  |TAMS 0x00000000fcf00000, 0x00000000fcf00000| Untracked 
|  16|0x00000000fd000000, 0x00000000fd000000, 0x00000000fd100000|  0%| F|  |TAMS 0x00000000fd000000, 0x00000000fd000000| Untracked 
|  17|0x00000000fd100000, 0x00000000fd100000, 0x00000000fd200000|  0%| F|  |TAMS 0x00000000fd100000, 0x00000000fd100000| Untracked 
|  18|0x00000000fd200000, 0x00000000fd200000, 0x00000000fd300000|  0%| F|  |TAMS 0x00000000fd200000, 0x00000000fd200000| Untracked 
|  19|0x00000000fd300000, 0x00000000fd300000, 0x00000000fd400000|  0%| F|  |TAMS 0x00000000fd300000, 0x00000000fd300000| Untracked 
|  20|0x00000000fd400000, 0x00000000fd400000, 0x00000000fd500000|  0%| F|  |TAMS 0x00000000fd400000, 0x00000000fd400000| Untracked 
|  21|0x00000000fd500000, 0x00000000fd500000, 0x00000000fd600000|  0%| F|  |TAMS 0x00000000fd500000, 0x00000000fd500000| Untracked 
|  22|0x00000000fd600000, 0x00000000fd600000, 0x00000000fd700000|  0%| F|  |TAMS 0x00000000fd600000, 0x00000000fd600000| Untracked 
|  23|0x00000000fd700000, 0x00000000fd700000, 0x00000000fd800000|  0%| F|  |TAMS 0x00000000fd700000, 0x00000000fd700000| Untracked 
|  24|0x00000000fd800000, 0x00000000fd800000, 0x00000000fd900000|  0%| F|  |TAMS 0x00000000fd800000, 0x00000000fd800000| Untracked 
|  25|0x00000000fd900000, 0x00000000fd900000, 0x00000000fda00000|  0%| F|  |TAMS 0x00000000fd900000, 0x00000000fd900000| Untracked 
|  26|0x00000000fda00000, 0x00000000fda00000, 0x00000000fdb00000|  0%| F|  |TAMS 0x00000000fda00000, 0x00000000fda00000| Untracked 
|  27|0x00000000fdb00000, 0x00000000fdb00000, 0x00000000fdc00000|  0%| F|  |TAMS 0x00000000fdb00000, 0x00000000fdb00000| Untracked 
|  28|0x00000000fdc00000, 0x00000000fdc00000, 0x00000000fdd00000|  0%| F|  |TAMS 0x00000000fdc00000, 0x00000000fdc00000| Untracked 
|  29|0x00000000fdd00000, 0x00000000fdd00000, 0x00000000fde00000|  0%| F|  |TAMS 0x00000000fdd00000, 0x00000000fdd00000| Untracked 
|  30|0x00000000fde00000, 0x00000000fde00000, 0x00000000fdf00000|  0%| F|  |TAMS 0x00000000fde00000, 0x00000000fde00000| Untracked 
|  31|0x00000000fdf00000, 0x00000000fdf00000, 0x00000000fe000000|  0%| F|  |TAMS 0x00000000fdf00000, 0x00000000fdf00000| Untracked 
|  32|0x00000000fe000000, 0x00000000fe000000, 0x00000000fe100000|  0%| F|  |TAMS 0x00000000fe000000, 0x00000000fe000000| Untracked 
|  33|0x00000000fe100000, 0x00000000fe100000, 0x00000000fe200000|  0%| F|  |TAMS 0x00000000fe100000, 0x00000000fe100000| Untracked 
|  34|0x00000000fe200000, 0x00000000fe200000, 0x00000000fe300000|  0%| F|  |TAMS 0x00000000fe200000, 0x00000000fe200000| Untracked 
|  35|0x00000000fe300000, 0x00000000fe300000, 0x00000000fe400000|  0%| F|  |TAMS 0x00000000fe300000, 0x00000000fe300000| Untracked 
|  36|0x00000000fe400000, 0x00000000fe400000, 0x00000000fe500000|  0%| F|  |TAMS 0x00000000fe400000, 0x00000000fe400000| Untracked 
|  37|0x00000000fe500000, 0x00000000fe500000, 0x00000000fe600000|  0%| F|  |TAMS 0x00000000fe500000, 0x00000000fe500000| Untracked 
|  38|0x00000000fe600000, 0x00000000fe700000, 0x00000000fe700000|100%| S|CS|TAMS 0x00000000fe600000, 0x00000000fe600000| Complete 
|  39|0x00000000fe700000, 0x00000000fe700000, 0x00000000fe800000|  0%| F|  |TAMS 0x00000000fe700000, 0x00000000fe700000| Untracked 
|  40|0x00000000fe800000, 0x00000000fe800000, 0x00000000fe900000|  0%| F|  |TAMS 0x00000000fe800000, 0x00000000fe800000| Untracked 
|  41|0x00000000fe900000, 0x00000000fe900000, 0x00000000fea00000|  0%| F|  |TAMS 0x00000000fe900000, 0x00000000fe900000| Untracked 
|  42|0x00000000fea00000, 0x00000000fea00000, 0x00000000feb00000|  0%| F|  |TAMS 0x00000000fea00000, 0x00000000fea00000| Untracked 
|  43|0x00000000feb00000, 0x00000000feb00000, 0x00000000fec00000|  0%| F|  |TAMS 0x00000000feb00000, 0x00000000feb00000| Untracked 
|  44|0x00000000fec00000, 0x00000000fec00000, 0x00000000fed00000|  0%| F|  |TAMS 0x00000000fec00000, 0x00000000fec00000| Untracked 
|  45|0x00000000fed00000, 0x00000000fed00000, 0x00000000fee00000|  0%| F|  |TAMS 0x00000000fed00000, 0x00000000fed00000| Untracked 
|  46|0x00000000fee00000, 0x00000000fee00000, 0x00000000fef00000|  0%| F|  |TAMS 0x00000000fee00000, 0x00000000fee00000| Untracked 
|  47|0x00000000fef00000, 0x00000000fef00000, 0x00000000ff000000|  0%| F|  |TAMS 0x00000000fef00000, 0x00000000fef00000| Untracked 
|  48|0x00000000ff000000, 0x00000000ff000000, 0x00000000ff100000|  0%| F|  |TAMS 0x00000000ff000000, 0x00000000ff000000| Untracked 
|  49|0x00000000ff100000, 0x00000000ff100000, 0x00000000ff200000|  0%| F|  |TAMS 0x00000000ff100000, 0x00000000ff100000| Untracked 
|  50|0x00000000ff200000, 0x00000000ff200000, 0x00000000ff300000|  0%| F|  |TAMS 0x00000000ff200000, 0x00000000ff200000| Untracked 
|  51|0x00000000ff300000, 0x00000000ff300000, 0x00000000ff400000|  0%| F|  |TAMS 0x00000000ff300000, 0x00000000ff300000| Untracked 
|  52|0x00000000ff400000, 0x00000000ff400000, 0x00000000ff500000|  0%| F|  |TAMS 0x00000000ff400000, 0x00000000ff400000| Untracked 
|  53|0x00000000ff500000, 0x00000000ff500000, 0x00000000ff600000|  0%| F|  |TAMS 0x00000000ff500000, 0x00000000ff500000| Untracked 
|  54|0x00000000ff600000, 0x00000000ff600000, 0x00000000ff700000|  0%| F|  |TAMS 0x00000000ff600000, 0x00000000ff600000| Untracked 
|  55|0x00000000ff700000, 0x00000000ff700000, 0x00000000ff800000|  0%| F|  |TAMS 0x00000000ff700000, 0x00000000ff700000| Untracked 
|  56|0x00000000ff800000, 0x00000000ff800000, 0x00000000ff900000|  0%| F|  |TAMS 0x00000000ff800000, 0x00000000ff800000| Untracked 
|  57|0x00000000ff900000, 0x00000000ff900000, 0x00000000ffa00000|  0%| F|  |TAMS 0x00000000ff900000, 0x00000000ff900000| Untracked 
|  58|0x00000000ffa00000, 0x00000000ffaab040, 0x00000000ffb00000| 66%| E|  |TAMS 0x00000000ffa00000, 0x00000000ffa00000| Complete 
|  59|0x00000000ffb00000, 0x00000000ffc00000, 0x00000000ffc00000|100%| E|CS|TAMS 0x00000000ffb00000, 0x00000000ffb00000| Complete 
|  60|0x00000000ffc00000, 0x00000000ffd00000, 0x00000000ffd00000|100%| E|CS|TAMS 0x00000000ffc00000, 0x00000000ffc00000| Complete 
|  61|0x00000000ffd00000, 0x00000000ffe00000, 0x00000000ffe00000|100%| E|CS|TAMS 0x00000000ffd00000, 0x00000000ffd00000| Complete 
|  62|0x00000000ffe00000, 0x00000000ffe48000, 0x00000000fff00000| 28%|OA|  |TAMS 0x00000000ffe00000, 0x00000000ffe00000| Untracked 
|  63|0x00000000fff00000, 0x00000000fff6b000, 0x0000000100000000| 41%|CA|  |TAMS 0x00000000fff00000, 0x00000000fff00000| Untracked 

Card table byte_map: [0x00007b6b126ae000,0x00007b6b126ce000] _byte_map_base: 0x00007b6b11ece000

Marking Bits (Prev, Next): (CMBitMap*) 0x00007b6b0c0341b8, (CMBitMap*) 0x00007b6b0c0341f0
 Prev Bits: [0x00007b6b1258e000, 0x00007b6b1268e000)
 Next Bits: [0x00007b6b1248e000, 0x00007b6b1258e000)

Polling page: 0x00007b6b12dfe000

Metaspace:

Usage:
  Non-class:      8.37 MB capacity,     7.82 MB ( 93%) used,   550.84 KB (  6%) free+waste,    17.31 KB ( <1%) overhead. 
      Class:      1.30 MB capacity,     1.17 MB ( 90%) used,   119.27 KB (  9%) free+waste,     9.88 KB ( <1%) overhead. 
       Both:      9.67 MB capacity,     8.99 MB ( 93%) used,   670.11 KB (  7%) free+waste,    27.19 KB ( <1%) overhead. 

Virtual space:
  Non-class space:       10.00 MB reserved,       8.50 MB ( 85%) committed 
      Class space:        1.00 GB reserved,       1.38 MB ( <1%) committed 
             Both:        1.01 GB reserved,       9.88 MB ( <1%) committed 

Chunk freelists:
   Non-Class:  4.00 KB
       Class:  15.00 KB
        Both:  19.00 KB

MaxMetaspaceSize: unlimited
CompressedClassSpaceSize: 1.00 GB
Initial GC threshold: 20.80 MB
Current GC threshold: 20.80 MB
CDS: on

CodeHeap 'non-profiled nmethods': size=120032Kb used=500Kb max_used=500Kb free=119531Kb
 bounds [0x00007b6afc2c0000, 0x00007b6afc530000, 0x00007b6b037f8000]
CodeHeap 'profiled nmethods': size=120032Kb used=2854Kb max_used=2854Kb free=117177Kb
 bounds [0x00007b6af4d88000, 0x00007b6af5058000, 0x00007b6afc2c0000]
CodeHeap 'non-nmethods': size=5696Kb used=1162Kb max_used=1176Kb free=4533Kb
 bounds [0x00007b6af47f8000, 0x00007b6af4a68000, 0x00007b6af4d88000]
 total_blobs=1917 nmethods=1489 adapters=342
 compilation: enabled
              stopped_count=0, restarted_count=0
 full_count=0

Compilation events (20 events):
Event: 114.640 Thread 0x00007b6b0c0b3800 nmethod 1490 0x00007b6af504c390 code [0x00007b6af504c540, 0x00007b6af504c670]
Event: 114.726 Thread 0x00007b6b0c0b3800 1491       1       org.gradle.internal.logging.events.CategorisedOutputEvent::getLogLevel (5 bytes)
Event: 114.726 Thread 0x00007b6b0c0b3800 nmethod 1491 0x00007b6afc33b990 code [0x00007b6afc33bb40, 0x00007b6afc33bc10]
Event: 114.833 Thread 0x00007b6b0c0b3800 1492       3       java.util.HashMap::remove (26 bytes)
Event: 114.835 Thread 0x00007b6b0c0b3800 nmethod 1492 0x00007b6af504c710 code [0x00007b6af504c900, 0x00007b6af504cc70]
Event: 115.085 Thread 0x00007b6b0c0b3800 1493       3       java.util.HashMap::removeNode (291 bytes)
Event: 115.087 Thread 0x00007b6b0c0b3800 nmethod 1493 0x00007b6af504ce10 code [0x00007b6af504d0a0, 0x00007b6af504e430]
Event: 115.488 Thread 0x00007b6b0c0b3800 1494       1       org.gradle.internal.logging.events.ProgressCompleteEvent::getProgressOperationId (5 bytes)
Event: 115.489 Thread 0x00007b6b0c0b3800 nmethod 1494 0x00007b6afc33bc90 code [0x00007b6afc33be40, 0x00007b6afc33bf10]
Event: 117.568 Thread 0x00007b6b0c0b1800 1495   !   4       java.util.AbstractList$Itr::next (45 bytes)
Event: 117.570 Thread 0x00007b6b0c0b1800 nmethod 1495 0x00007b6afc33bf90 code [0x00007b6afc33c140, 0x00007b6afc33c248]
Event: 118.968 Thread 0x00007b6b0c0b3800 1496       3       org.fusesource.jansi.Ansi::_appendEscapeSequence (83 bytes)
Event: 118.971 Thread 0x00007b6b0c0b3800 nmethod 1496 0x00007b6af504e890 code [0x00007b6af504eae0, 0x00007b6af504f2b0]
Event: 127.166 Thread 0x00007b6b0c0b1800 1497       4       java.util.HashMap$HashIterator::nextNode (100 bytes)
Event: 127.178 Thread 0x00007b6b0c0b1800 nmethod 1497 0x00007b6afc33c390 code [0x00007b6afc33c520, 0x00007b6afc33c8f8]
Event: 128.967 Thread 0x00007b6b0c0b1800 1498       4       java.util.concurrent.ThreadPoolExecutor::beforeExecute (1 bytes)
Event: 128.968 Thread 0x00007b6b0c0b1800 nmethod 1498 0x00007b6afc33ca90 code [0x00007b6afc33cc20, 0x00007b6afc33cc98]
Event: 129.066 Thread 0x00007b6b0c0b1800 1499       4       java.lang.InheritableThreadLocal::getMap (5 bytes)
Event: 129.067 Thread 0x00007b6b0c0b1800 nmethod 1499 0x00007b6afc33cd90 code [0x00007b6afc33cf20, 0x00007b6afc33cf98]
Event: 144.966 Thread 0x00007b6b0c0b3800 1500       3       org.gradle.internal.logging.console.DefaultAnsiExecutor$AnsiContextImpl::a (234 bytes)

GC Heap History (6 events):
Event: 0.893 GC heap before
{Heap before GC invocations=0 (full 0):
 garbage-first heap   total 65536K, used 17100K [0x00000000fc000000, 0x0000000100000000)
  region size 1024K, 14 young (14336K), 0 survivors (0K)
 Metaspace       used 1988K, capacity 5145K, committed 5504K, reserved 1056768K
  class space    used 197K, capacity 522K, committed 640K, reserved 1048576K
}
Event: 0.903 GC heap after
{Heap after GC invocations=1 (full 0):
 garbage-first heap   total 65536K, used 4086K [0x00000000fc000000, 0x0000000100000000)
  region size 1024K, 2 young (2048K), 2 survivors (2048K)
 Metaspace       used 1988K, capacity 5145K, committed 5504K, reserved 1056768K
  class space    used 197K, capacity 522K, committed 640K, reserved 1048576K
}
Event: 1.281 GC heap before
{Heap before GC invocations=1 (full 0):
 garbage-first heap   total 65536K, used 16374K [0x00000000fc000000, 0x0000000100000000)
  region size 1024K, 12 young (12288K), 2 survivors (2048K)
 Metaspace       used 3961K, capacity 6478K, committed 6784K, reserved 1056768K
  class space    used 512K, capacity 780K, committed 896K, reserved 1048576K
}
Event: 1.302 GC heap after
{Heap after GC invocations=2 (full 0):
 garbage-first heap   total 65536K, used 9498K [0x00000000fc000000, 0x0000000100000000)
  region size 1024K, 2 young (2048K), 2 survivors (2048K)
 Metaspace       used 3961K, capacity 6478K, committed 6784K, reserved 1056768K
  class space    used 512K, capacity 780K, committed 896K, reserved 1048576K
}
Event: 3.488 GC heap before
{Heap before GC invocations=2 (full 0):
 garbage-first heap   total 65536K, used 31002K [0x00000000fc000000, 0x0000000100000000)
  region size 1024K, 23 young (23552K), 2 survivors (2048K)
 Metaspace       used 8409K, capacity 9607K, committed 9856K, reserved 1058816K
  class space    used 1132K, capacity 1296K, committed 1408K, reserved 1048576K
}
Event: 3.501 GC heap after
{Heap after GC invocations=3 (full 0):
 garbage-first heap   total 65536K, used 10565K [0x00000000fc000000, 0x0000000100000000)
  region size 1024K, 1 young (1024K), 1 survivors (1024K)
 Metaspace       used 8409K, capacity 9607K, committed 9856K, reserved 1058816K
  class space    used 1132K, capacity 1296K, committed 1408K, reserved 1048576K
}

Deoptimization events (20 events):
Event: 1.850 Thread 0x00007b6b0ca80800 Uncommon trap: trap_request=0xffffff4d fr.pc=0x00007b6afc2e5414 relative=0x0000000000000454
Event: 1.850 Thread 0x00007b6b0ca80800 Uncommon trap: reason=unstable_if action=reinterpret pc=0x00007b6afc2e5414 method=java.lang.AbstractStringBuilder.putStringAt(ILjava/lang/String;)V @ 8 c2
Event: 1.850 Thread 0x00007b6b0ca80800 DEOPT PACKING pc=0x00007b6afc2e5414 sp=0x00007b6ade2fe400
Event: 1.850 Thread 0x00007b6b0ca80800 DEOPT UNPACKING pc=0x00007b6af4841ea5 sp=0x00007b6ade2fe318 mode 2
Event: 1.850 Thread 0x00007b6b0ca80800 Uncommon trap: trap_request=0xffffff4d fr.pc=0x00007b6afc2d679c relative=0x000000000000045c
Event: 1.850 Thread 0x00007b6b0ca80800 Uncommon trap: reason=unstable_if action=reinterpret pc=0x00007b6afc2d679c method=java.lang.AbstractStringBuilder.putStringAt(ILjava/lang/String;)V @ 8 c2
Event: 1.850 Thread 0x00007b6b0ca80800 DEOPT PACKING pc=0x00007b6afc2d679c sp=0x00007b6ade2fe3b0
Event: 1.850 Thread 0x00007b6b0ca80800 DEOPT UNPACKING pc=0x00007b6af4841ea5 sp=0x00007b6ade2fe320 mode 2
Event: 1.850 Thread 0x00007b6b0ca80800 Uncommon trap: trap_request=0xffffff4d fr.pc=0x00007b6afc2d6e80 relative=0x00000000000000e0
Event: 1.850 Thread 0x00007b6b0ca80800 Uncommon trap: reason=unstable_if action=reinterpret pc=0x00007b6afc2d6e80 method=java.lang.String.getBytes([BIB)V @ 5 c2
Event: 1.850 Thread 0x00007b6b0ca80800 DEOPT PACKING pc=0x00007b6afc2d6e80 sp=0x00007b6ade2fe2d0
Event: 1.850 Thread 0x00007b6b0ca80800 DEOPT UNPACKING pc=0x00007b6af4841ea5 sp=0x00007b6ade2fe298 mode 2
Event: 1.850 Thread 0x00007b6b0ca80800 Uncommon trap: trap_request=0xffffff4d fr.pc=0x00007b6afc2eaad8 relative=0x0000000000000398
Event: 1.850 Thread 0x00007b6b0ca80800 Uncommon trap: reason=unstable_if action=reinterpret pc=0x00007b6afc2eaad8 method=java.lang.AbstractStringBuilder.isLatin1()Z @ 10 c2
Event: 1.850 Thread 0x00007b6b0ca80800 DEOPT PACKING pc=0x00007b6afc2eaad8 sp=0x00007b6ade2fe440
Event: 1.850 Thread 0x00007b6b0ca80800 DEOPT UNPACKING pc=0x00007b6af4841ea5 sp=0x00007b6ade2fe3b0 mode 2
Event: 3.468 Thread 0x00007b6b0ca80800 Uncommon trap: trap_request=0xffffff4d fr.pc=0x00007b6afc2d7ea0 relative=0x0000000000000080
Event: 3.468 Thread 0x00007b6b0ca80800 Uncommon trap: reason=unstable_if action=reinterpret pc=0x00007b6afc2d7ea0 method=java.lang.String.isLatin1()Z @ 10 c2
Event: 3.468 Thread 0x00007b6b0ca80800 DEOPT PACKING pc=0x00007b6afc2d7ea0 sp=0x00007b6ade2fe380
Event: 3.468 Thread 0x00007b6b0ca80800 DEOPT UNPACKING pc=0x00007b6af4841ea5 sp=0x00007b6ade2fe2d8 mode 2

Classes redefined (0 events):
No events

Internal exceptions (17 events):
Event: 0.438 Thread 0x00007b6b0c016800 Exception <a 'java/lang/NoSuchMethodError'{0x00000000ffbf77a0}: 'int java.lang.invoke.DirectMethodHandle$Holder.invokeStaticInit(java.lang.Object, java.lang.Object)'> (0x00000000ffbf77a0) thrown at [./src/hotspot/share/interpreter/linkResolver.cpp, line 772]
Event: 0.478 Thread 0x00007b6b0c016800 Exception <a 'java/lang/NoSuchMethodError'{0x00000000ffad8038}: 'int java.lang.invoke.DirectMethodHandle$Holder.invokeSpecial(java.lang.Object, java.lang.Object, java.lang.Object, java.lang.Object)'> (0x00000000ffad8038) thrown at [./src/hotspot/share/interpreter/linkResolver.cpp, line 772]
Event: 0.485 Thread 0x00007b6b0c016800 Exception <a 'java/lang/NoSuchMethodError'{0x00000000ff910e08}: 'int java.lang.invoke.DirectMethodHandle$Holder.invokeSpecialIFC(java.lang.Object, java.lang.Object, int)'> (0x00000000ff910e08) thrown at [./src/hotspot/share/interpreter/linkResolver.cpp, line 772]
Event: 1.161 Thread 0x00007b6b0c016800 Implicit null exception at 0x00007b6afc2fc685 to 0x00007b6afc2fc86c
Event: 1.201 Thread 0x00007b6b0c016800 Exception <a 'java/lang/NoClassDefFoundError'{0x00000000ff694fb8}: org/slf4j/impl/StaticMarkerBinder> (0x00000000ff694fb8) thrown at [./src/hotspot/share/classfile/systemDictionary.cpp, line 219]
Event: 1.226 Thread 0x00007b6b0c016800 Exception <a 'java/lang/NoSuchMethodError'{0x00000000ff58a950}: 'java.lang.Object java.lang.invoke.DirectMethodHandle$Holder.invokeVirtual(java.lang.Object, java.lang.Object, java.lang.Object, java.lang.Object, java.lang.Object, java.lang.Object, java.lang.Object)'> (0x00000000ff58a950) thrown at [./src/hotspot/share/interpreter/linkResolver.cpp, line 772]
Event: 1.229 Thread 0x00007b6b0c016800 Exception <a 'java/lang/NoSuchMethodError'{0x00000000ff59e408}: 'java.lang.Object java.lang.invoke.Invokers$Holder.invoker(java.lang.Object, java.lang.Object, java.lang.Object)'> (0x00000000ff59e408) thrown at [./src/hotspot/share/interpreter/linkResolver.cpp, line 772]
Event: 1.233 Thread 0x00007b6b0c016800 Exception <a 'java/lang/NoSuchMethodError'{0x00000000ff5aebf8}: 'void java.lang.invoke.DelegatingMethodHandle$Holder.delegate(java.lang.Object, java.lang.Object, int, java.lang.Object)'> (0x00000000ff5aebf8) thrown at [./src/hotspot/share/interpreter/linkResolver.cpp, line 772]
Event: 1.272 Thread 0x00007b6b0c016800 Exception <a 'java/lang/UnsatisfiedLinkError'{0x00000000ff4e8828}> (0x00000000ff4e8828) thrown at [./src/hotspot/share/prims/jvm.cpp, line 3470]
Event: 1.272 Thread 0x00007b6b0c016800 Exception <a 'java/lang/UnsatisfiedLinkError'{0x00000000ff4e8828}> (0x00000000ff4e8828) thrown at [./src/hotspot/share/prims/jni.cpp, line 617]
Event: 1.443 Thread 0x00007b6b0c016800 Exception <a 'java/lang/NoSuchMethodError'{0x00000000ff87e558}: 'java.lang.Object java.lang.invoke.DirectMethodHandle$Holder.invokeInterface(java.lang.Object, java.lang.Object, java.lang.Object)'> (0x00000000ff87e558) thrown at [./src/hotspot/share/interpreter/linkResolver.cpp, line 772]
Event: 1.549 Thread 0x00007b6b0c016800 Exception <a 'java/lang/NoSuchMethodError'{0x00000000ff406020}: 'java.lang.Object java.lang.invoke.DirectMethodHandle$Holder.invokeStaticInit(java.lang.Object, java.lang.Object, java.lang.Object)'> (0x00000000ff406020) thrown at [./src/hotspot/share/interpreter/linkResolver.cpp, line 772]
Event: 1.793 Thread 0x00007b6b0ca80800 Exception <a 'java/lang/NoSuchMethodError'{0x00000000fe70fd98}: 'java.lang.Object java.lang.invoke.DirectMethodHandle$Holder.invokeStaticInit(java.lang.Object, java.lang.Object, long, java.lang.Object)'> (0x00000000fe70fd98) thrown at [./src/hotspot/share/interpreter/linkResolver.cpp, line 772]
Event: 1.795 Thread 0x00007b6b0ca80800 Exception <a 'java/lang/NoSuchMethodError'{0x00000000fe71beb8}: 'java.lang.Object java.lang.invoke.Invokers$Holder.linkToTargetMethod(java.lang.Object, long, java.lang.Object)'> (0x00000000fe71beb8) thrown at [./src/hotspot/share/interpreter/linkResolver.cpp, line 772]
Event: 1.796 Thread 0x00007b6b0ca80800 Exception <a 'java/lang/NoSuchMethodError'{0x00000000fe721ee0}: 'java.lang.Object java.lang.invoke.DirectMethodHandle$Holder.invokeStatic(java.lang.Object, java.lang.Object, java.lang.Object, int)'> (0x00000000fe721ee0) thrown at [./src/hotspot/share/interpreter/linkResolver.cpp, line 772]
Event: 1.796 Thread 0x00007b6b0ca80800 Exception <a 'java/lang/NoSuchMethodError'{0x00000000fe725b58}: 'java.lang.Object java.lang.invoke.DirectMethodHandle$Holder.invokeSpecial(java.lang.Object, java.lang.Object, java.lang.Object, java.lang.Object, int)'> (0x00000000fe725b58) thrown at [./src/hotspot/share/interpreter/linkResolver.cpp, line 772]
Event: 1.797 Thread 0x00007b6b0ca80800 Exception <a 'java/lang/NoSuchMethodError'{0x00000000fe728ff0}: 'java.lang.Object java.lang.invoke.Invokers$Holder.linkToTargetMethod(java.lang.Object, java.lang.Object, int, java.lang.Object)'> (0x00000000fe728ff0) thrown at [./src/hotspot/share/interpreter/linkResolver.cpp, line 772]

Events (20 events):
Event: 61.665 loading class jdk/internal/reflect/ClassDefiner
Event: 61.665 loading class jdk/internal/reflect/ClassDefiner done
Event: 61.665 loading class jdk/internal/reflect/ClassDefiner$1
Event: 61.665 loading class jdk/internal/reflect/ClassDefiner$1 done
Event: 101.470 loading class org/fusesource/jansi/Ansi$Color
Event: 101.470 loading class org/fusesource/jansi/Ansi$Color done
Event: 101.692 loading class org/gradle/internal/logging/console/DefaultColorMap$ForegroundColor
Event: 101.692 loading class org/gradle/internal/logging/console/DefaultColorMap$ForegroundColor done
Event: 101.725 loading class org/gradle/internal/logging/console/DefaultColorMap$CompositeColor
Event: 101.725 loading class org/gradle/internal/logging/console/DefaultColorMap$CompositeColor done
Event: 101.761 loading class com/google/common/collect/Lists$ReverseList
Event: 101.761 loading class com/google/common/collect/Lists$ReverseList done
Event: 101.791 loading class com/google/common/collect/Lists$RandomAccessReverseList
Event: 101.791 loading class com/google/common/collect/Lists$RandomAccessReverseList done
Event: 101.792 loading class java/util/ArrayList$ListItr
Event: 101.819 loading class java/util/ArrayList$ListItr done
Event: 101.819 Executing VM operation: Deoptimize
Event: 101.825 Executing VM operation: Deoptimize done
Event: 101.826 loading class com/google/common/collect/Lists$ReverseList$1
Event: 101.826 loading class com/google/common/collect/Lists$ReverseList$1 done


Dynamic libraries:
fc000000-ffe00000 rw-p 00000000 00:00 0 
ffe00000-ffe48000 rw-p 00b0a000 00:2c 146509                             /usr/lib/jvm/java-11-openjdk-amd64/lib/server/classes.jsa
ffe48000-fff00000 rw-p 00000000 00:00 0 
fff00000-fff6b000 rw-p 00a9f000 00:2c 146509                             /usr/lib/jvm/java-11-openjdk-amd64/lib/server/classes.jsa
fff6b000-100000000 rw-p 00000000 00:00 0 
800000000-800002000 rwxp 00001000 00:2c 146509                           /usr/lib/jvm/java-11-openjdk-amd64/lib/server/classes.jsa
800002000-8003cc000 rw-p 00003000 00:2c 146509                           /usr/lib/jvm/java-11-openjdk-amd64/lib/server/classes.jsa
8003cc000-800a9d000 r--p 003cd000 00:2c 146509                           /usr/lib/jvm/java-11-openjdk-amd64/lib/server/classes.jsa
800a9d000-800a9e000 rw-p 00a9e000 00:2c 146509                           /usr/lib/jvm/java-11-openjdk-amd64/lib/server/classes.jsa
840000000-840160000 rw-p 00000000 00:00 0 
840160000-880000000 ---p 00000000 00:00 0 
57bfd1cc8000-57bfd1cc9000 r--p 00000000 00:2c 145076                     /usr/lib/jvm/java-11-openjdk-amd64/bin/java
57bfd1cc9000-57bfd1cca000 r-xp 00001000 00:2c 145076                     /usr/lib/jvm/java-11-openjdk-amd64/bin/java
57bfd1cca000-57bfd1ccb000 r--p 00002000 00:2c 145076                     /usr/lib/jvm/java-11-openjdk-amd64/bin/java
57bfd1ccb000-57bfd1ccc000 r--p 00002000 00:2c 145076                     /usr/lib/jvm/java-11-openjdk-amd64/bin/java
57bfd1ccc000-57bfd1ccd000 rw-p 00003000 00:2c 145076                     /usr/lib/jvm/java-11-openjdk-amd64/bin/java
57bfd3740000-57bfd3761000 rw-p 00000000 00:00 0                          [heap]
7b6a98000000-7b6a98021000 rw-p 00000000 00:00 0 
7b6a98021000-7b6a9c000000 ---p 00000000 00:00 0 
7b6a9c000000-7b6a9c021000 rw-p 00000000 00:00 0 
7b6a9c021000-7b6aa0000000 ---p 00000000 00:00 0 
7b6aa0000000-7b6aa0021000 rw-p 00000000 00:00 0 
7b6aa0021000-7b6aa4000000 ---p 00000000 00:00 0 
7b6aa4000000-7b6aa4021000 rw-p 00000000 00:00 0 
7b6aa4021000-7b6aa8000000 ---p 00000000 00:00 0 
7b6aa8000000-7b6aa8021000 rw-p 00000000 00:00 0 
7b6aa8021000-7b6aac000000 ---p 00000000 00:00 0 
7b6aac000000-7b6aac023000 rw-p 00000000 00:00 0 
7b6aac023000-7b6ab0000000 ---p 00000000 00:00 0 
7b6ab0000000-7b6ab0021000 rw-p 00000000 00:00 0 
7b6ab0021000-7b6ab4000000 ---p 00000000 00:00 0 
7b6ab4000000-7b6ab4021000 rw-p 00000000 00:00 0 
7b6ab4021000-7b6ab8000000 ---p 00000000 00:00 0 
7b6ab8000000-7b6ab8021000 rw-p 00000000 00:00 0 
7b6ab8021000-7b6abc000000 ---p 00000000 00:00 0 
7b6abc000000-7b6abc021000 rw-p 00000000 00:00 0 
7b6abc021000-7b6ac0000000 ---p 00000000 00:00 0 
7b6ac0000000-7b6ac05db000 rw-p 00000000 00:00 0 
7b6ac05db000-7b6ac4000000 ---p 00000000 00:00 0 
7b6ac4000000-7b6ac41f2000 rw-p 00000000 00:00 0 
7b6ac41f2000-7b6ac8000000 ---p 00000000 00:00 0 
7b6ac8000000-7b6ac8021000 rw-p 00000000 00:00 0 
7b6ac8021000-7b6acc000000 ---p 00000000 00:00 0 
7b6acc000000-7b6acc021000 rw-p 00000000 00:00 0 
7b6acc021000-7b6ad0000000 ---p 00000000 00:00 0 
7b6ad0000000-7b6ad0021000 rw-p 00000000 00:00 0 
7b6ad0021000-7b6ad4000000 ---p 00000000 00:00 0 
7b6ad4000000-7b6ad4021000 rw-p 00000000 00:00 0 
7b6ad4021000-7b6ad8000000 ---p 00000000 00:00 0 
7b6ad8000000-7b6ad8021000 rw-p 00000000 00:00 0 
7b6ad8021000-7b6adc000000 ---p 00000000 00:00 0 
7b6adddf9000-7b6adddfa000 ---p 00000000 00:00 0 
7b6adddfa000-7b6addefb000 rw-p 00000000 00:00 0 
7b6addefb000-7b6addefc000 ---p 00000000 00:00 0 
7b6addefc000-7b6addffd000 rw-p 00000000 00:00 0 
7b6addffd000-7b6ade001000 ---p 00000000 00:00 0 
7b6ade001000-7b6ade0fe000 rw-p 00000000 00:00 0 
7b6ade0fe000-7b6ade102000 ---p 00000000 00:00 0 
7b6ade102000-7b6ade1ff000 rw-p 00000000 00:00 0 
7b6ade1ff000-7b6ade203000 ---p 00000000 00:00 0 
7b6ade203000-7b6ade380000 rw-p 00000000 00:00 0 
7b6ade380000-7b6ade500000 ---p 00000000 00:00 0 
7b6ade500000-7b6ade503000 r-xp 00000000 00:2c 258621                     /home/sionaravi/.gradle/native/jansi/1.18/linux64/libjansi.so
7b6ade503000-7b6ade702000 ---p 00003000 00:2c 258621                     /home/sionaravi/.gradle/native/jansi/1.18/linux64/libjansi.so
7b6ade702000-7b6ade703000 rw-p 00002000 00:2c 258621                     /home/sionaravi/.gradle/native/jansi/1.18/linux64/libjansi.so
7b6ade703000-7b6ade70c000 r--p 00000000 00:2c 4902                       /usr/lib/x86_64-linux-gnu/libncursesw.so.6.2
7b6ade70c000-7b6ade733000 r-xp 00009000 00:2c 4902                       /usr/lib/x86_64-linux-gnu/libncursesw.so.6.2
7b6ade733000-7b6ade73c000 r--p 00030000 00:2c 4902                       /usr/lib/x86_64-linux-gnu/libncursesw.so.6.2
7b6ade73c000-7b6ade73d000 r--p 00038000 00:2c 4902                       /usr/lib/x86_64-linux-gnu/libncursesw.so.6.2
7b6ade73d000-7b6ade73e000 rw-p 00039000 00:2c 4902                       /usr/lib/x86_64-linux-gnu/libncursesw.so.6.2
7b6ade75a000-7b6ade75e000 ---p 00000000 00:00 0 
7b6ade75e000-7b6ade77c000 rw-p 00000000 00:00 0 
7b6ade77c000-7b6ade77d000 r--p 00000000 00:2c 145207                     /usr/lib/jvm/java-11-openjdk-amd64/lib/libextnet.so
7b6ade77d000-7b6ade77e000 r-xp 00001000 00:2c 145207                     /usr/lib/jvm/java-11-openjdk-amd64/lib/libextnet.so
7b6ade77e000-7b6ade77f000 r--p 00002000 00:2c 145207                     /usr/lib/jvm/java-11-openjdk-amd64/lib/libextnet.so
7b6ade77f000-7b6ade780000 r--p 00002000 00:2c 145207                     /usr/lib/jvm/java-11-openjdk-amd64/lib/libextnet.so
7b6ade780000-7b6ade781000 rw-p 00003000 00:2c 145207                     /usr/lib/jvm/java-11-openjdk-amd64/lib/libextnet.so
7b6ade781000-7b6ade783000 r--p 00000000 00:2c 145223                     /usr/lib/jvm/java-11-openjdk-amd64/lib/libmanagement_ext.so
7b6ade783000-7b6ade786000 r-xp 00002000 00:2c 145223                     /usr/lib/jvm/java-11-openjdk-amd64/lib/libmanagement_ext.so
7b6ade786000-7b6ade787000 r--p 00005000 00:2c 145223                     /usr/lib/jvm/java-11-openjdk-amd64/lib/libmanagement_ext.so
7b6ade787000-7b6ade788000 ---p 00006000 00:2c 145223                     /usr/lib/jvm/java-11-openjdk-amd64/lib/libmanagement_ext.so
7b6ade788000-7b6ade789000 r--p 00006000 00:2c 145223                     /usr/lib/jvm/java-11-openjdk-amd64/lib/libmanagement_ext.so
7b6ade789000-7b6ade78a000 rw-p 00007000 00:2c 145223                     /usr/lib/jvm/java-11-openjdk-amd64/lib/libmanagement_ext.so
7b6ade78a000-7b6ade78e000 ---p 00000000 00:00 0 
7b6ade78e000-7b6ade88b000 rw-p 00000000 00:00 0 
7b6ade88b000-7b6ade899000 r--p 00000000 00:2c 5077                       /usr/lib/x86_64-linux-gnu/libtinfo.so.6.2
7b6ade899000-7b6ade8a7000 r-xp 0000e000 00:2c 5077                       /usr/lib/x86_64-linux-gnu/libtinfo.so.6.2
7b6ade8a7000-7b6ade8b5000 r--p 0001c000 00:2c 5077                       /usr/lib/x86_64-linux-gnu/libtinfo.so.6.2
7b6ade8b5000-7b6ade8b9000 r--p 00029000 00:2c 5077                       /usr/lib/x86_64-linux-gnu/libtinfo.so.6.2
7b6ade8b9000-7b6ade8ba000 rw-p 0002d000 00:2c 5077                       /usr/lib/x86_64-linux-gnu/libtinfo.so.6.2
7b6ade8ba000-7b6ade8be000 r-xp 00000000 00:2c 258627                     /home/sionaravi/.gradle/native/e1d6ef7f7dcc3fd88c89a11ec53ec762bb8ba0a96d01ffa2cd45eb1d1d8dd5c5/linux-amd64-ncurses6/libnative-platform-curses.so
7b6ade8be000-7b6adeabd000 ---p 00004000 00:2c 258627                     /home/sionaravi/.gradle/native/e1d6ef7f7dcc3fd88c89a11ec53ec762bb8ba0a96d01ffa2cd45eb1d1d8dd5c5/linux-amd64-ncurses6/libnative-platform-curses.so
7b6adeabd000-7b6adeabe000 r--p 00003000 00:2c 258627                     /home/sionaravi/.gradle/native/e1d6ef7f7dcc3fd88c89a11ec53ec762bb8ba0a96d01ffa2cd45eb1d1d8dd5c5/linux-amd64-ncurses6/libnative-platform-curses.so
7b6adeabe000-7b6adeabf000 rw-p 00004000 00:2c 258627                     /home/sionaravi/.gradle/native/e1d6ef7f7dcc3fd88c89a11ec53ec762bb8ba0a96d01ffa2cd45eb1d1d8dd5c5/linux-amd64-ncurses6/libnative-platform-curses.so
7b6adeabf000-7b6adeac4000 r-xp 00000000 00:2c 258617                     /home/sionaravi/.gradle/native/e1d6ef7f7dcc3fd88c89a11ec53ec762bb8ba0a96d01ffa2cd45eb1d1d8dd5c5/linux-amd64/libnative-platform.so
7b6adeac4000-7b6adecc4000 ---p 00005000 00:2c 258617                     /home/sionaravi/.gradle/native/e1d6ef7f7dcc3fd88c89a11ec53ec762bb8ba0a96d01ffa2cd45eb1d1d8dd5c5/linux-amd64/libnative-platform.so
7b6adecc4000-7b6adecc5000 r--p 00005000 00:2c 258617                     /home/sionaravi/.gradle/native/e1d6ef7f7dcc3fd88c89a11ec53ec762bb8ba0a96d01ffa2cd45eb1d1d8dd5c5/linux-amd64/libnative-platform.so
7b6adecc5000-7b6adecc6000 rw-p 00006000 00:2c 258617                     /home/sionaravi/.gradle/native/e1d6ef7f7dcc3fd88c89a11ec53ec762bb8ba0a96d01ffa2cd45eb1d1d8dd5c5/linux-amd64/libnative-platform.so
7b6adecc6000-7b6adecc7000 ---p 00000000 00:00 0 
7b6adecc7000-7b6adedf9000 rw-p 00000000 00:00 0 
7b6adedf9000-7b6adedfd000 r--p 00000000 00:2c 145225                     /usr/lib/jvm/java-11-openjdk-amd64/lib/libnet.so
7b6adedfd000-7b6adee0b000 r-xp 00004000 00:2c 145225                     /usr/lib/jvm/java-11-openjdk-amd64/lib/libnet.so
7b6adee0b000-7b6adee0f000 r--p 00012000 00:2c 145225                     /usr/lib/jvm/java-11-openjdk-amd64/lib/libnet.so
7b6adee0f000-7b6adee10000 r--p 00015000 00:2c 145225                     /usr/lib/jvm/java-11-openjdk-amd64/lib/libnet.so
7b6adee10000-7b6adee11000 rw-p 00016000 00:2c 145225                     /usr/lib/jvm/java-11-openjdk-amd64/lib/libnet.so
7b6adee11000-7b6adee15000 ---p 00000000 00:00 0 
7b6adee15000-7b6adef12000 rw-p 00000000 00:00 0 
7b6adef12000-7b6adef13000 ---p 00000000 00:00 0 
7b6adef13000-7b6adf014000 rw-p 00000000 00:00 0 
7b6adf014000-7b6adf018000 ---p 00000000 00:00 0 
7b6adf018000-7b6adf115000 rw-p 00000000 00:00 0 
7b6adf115000-7b6adf119000 ---p 00000000 00:00 0 
7b6adf119000-7b6adf216000 rw-p 00000000 00:00 0 
7b6adf216000-7b6adf21a000 ---p 00000000 00:00 0 
7b6adf21a000-7b6adf317000 rw-p 00000000 00:00 0 
7b6adf317000-7b6adf31b000 ---p 00000000 00:00 0 
7b6adf31b000-7b6adf418000 rw-p 00000000 00:00 0 
7b6adf418000-7b6adf41c000 ---p 00000000 00:00 0 
7b6adf41c000-7b6adf519000 rw-p 00000000 00:00 0 
7b6adf519000-7b6adf800000 r--p 00000000 00:2c 123594                     /usr/lib/locale/locale-archive
7b6adf800000-7b6ae0000000 rw-p 00000000 00:00 0 
7b6ae0000000-7b6ae0021000 rw-p 00000000 00:00 0 
7b6ae0021000-7b6ae4000000 ---p 00000000 00:00 0 
7b6ae4000000-7b6ae4021000 rw-p 00000000 00:00 0 
7b6ae4021000-7b6ae8000000 ---p 00000000 00:00 0 
7b6ae8000000-7b6ae8021000 rw-p 00000000 00:00 0 
7b6ae8021000-7b6aec000000 ---p 00000000 00:00 0 
7b6aec000000-7b6aec021000 rw-p 00000000 00:00 0 
7b6aec021000-7b6af0000000 ---p 00000000 00:00 0 
7b6af0000000-7b6af0021000 rw-p 00000000 00:00 0 
7b6af0021000-7b6af4000000 ---p 00000000 00:00 0 
7b6af4003000-7b6af4004000 r--p 00000000 00:2c 119658                     /usr/lib/x86_64-linux-gnu/libutil-2.31.so
7b6af4004000-7b6af4005000 r-xp 00001000 00:2c 119658                     /usr/lib/x86_64-linux-gnu/libutil-2.31.so
7b6af4005000-7b6af4006000 r--p 00002000 00:2c 119658                     /usr/lib/x86_64-linux-gnu/libutil-2.31.so
7b6af4006000-7b6af4007000 r--p 00002000 00:2c 119658                     /usr/lib/x86_64-linux-gnu/libutil-2.31.so
7b6af4007000-7b6af4008000 rw-p 00003000 00:2c 119658                     /usr/lib/x86_64-linux-gnu/libutil-2.31.so
7b6af400b000-7b6af400e000 r--p 00000000 00:2c 145221                     /usr/lib/jvm/java-11-openjdk-amd64/lib/libmanagement.so
7b6af400e000-7b6af400f000 r-xp 00003000 00:2c 145221                     /usr/lib/jvm/java-11-openjdk-amd64/lib/libmanagement.so
7b6af400f000-7b6af4010000 r--p 00004000 00:2c 145221                     /usr/lib/jvm/java-11-openjdk-amd64/lib/libmanagement.so
7b6af4010000-7b6af4011000 r--p 00004000 00:2c 145221                     /usr/lib/jvm/java-11-openjdk-amd64/lib/libmanagement.so
7b6af4011000-7b6af4012000 rw-p 00005000 00:2c 145221                     /usr/lib/jvm/java-11-openjdk-amd64/lib/libmanagement.so
7b6af4012000-7b6af4016000 ---p 00000000 00:00 0 
7b6af4016000-7b6af4113000 rw-p 00000000 00:00 0 
7b6af4113000-7b6af4117000 ---p 00000000 00:00 0 
7b6af4117000-7b6af4214000 rw-p 00000000 00:00 0 
7b6af4214000-7b6af4215000 ---p 00000000 00:00 0 
7b6af4215000-7b6af43f2000 rw-p 00000000 00:00 0 
7b6af43f2000-7b6af43f3000 ---p 00000000 00:00 0 
7b6af43f3000-7b6af44f4000 rw-p 00000000 00:00 0 
7b6af44f4000-7b6af44f5000 ---p 00000000 00:00 0 
7b6af44f5000-7b6af47f8000 rw-p 00000000 00:00 0 
7b6af47f8000-7b6af4a68000 rwxp 00000000 00:00 0 
7b6af4a68000-7b6af4d88000 ---p 00000000 00:00 0 
7b6af4d88000-7b6af5058000 rwxp 00000000 00:00 0 
7b6af5058000-7b6afc2c0000 ---p 00000000 00:00 0 
7b6afc2c0000-7b6afc530000 rwxp 00000000 00:00 0 
7b6afc530000-7b6b037f8000 ---p 00000000 00:00 0 
7b6b037f8000-7b6b0c000000 r--s 00000000 00:2c 145235                     /usr/lib/jvm/java-11-openjdk-amd64/lib/modules
7b6b0c000000-7b6b0cad6000 rw-p 00000000 00:00 0 
7b6b0cad6000-7b6b10000000 ---p 00000000 00:00 0 
7b6b10001000-7b6b10008000 r--s 00000000 00:2c 119908                     /usr/lib/x86_64-linux-gnu/gconv/gconv-modules.cache
7b6b10008000-7b6b1000f000 r--p 00000000 00:2c 145226                     /usr/lib/jvm/java-11-openjdk-amd64/lib/libnio.so
7b6b1000f000-7b6b10016000 r-xp 00007000 00:2c 145226                     /usr/lib/jvm/java-11-openjdk-amd64/lib/libnio.so
7b6b10016000-7b6b10019000 r--p 0000e000 00:2c 145226                     /usr/lib/jvm/java-11-openjdk-amd64/lib/libnio.so
7b6b10019000-7b6b1001a000 r--p 00010000 00:2c 145226                     /usr/lib/jvm/java-11-openjdk-amd64/lib/libnio.so
7b6b1001a000-7b6b1001b000 rw-p 00011000 00:2c 145226                     /usr/lib/jvm/java-11-openjdk-amd64/lib/libnio.so
7b6b1001b000-7b6b12287000 rw-p 00000000 00:00 0 
7b6b12287000-7b6b12288000 ---p 00000000 00:00 0 
7b6b12288000-7b6b12389000 rw-p 00000000 00:00 0 
7b6b12389000-7b6b1238a000 ---p 00000000 00:00 0 
7b6b1238a000-7b6b126ae000 rw-p 00000000 00:00 0 
7b6b126ae000-7b6b12af2000 rw-p 00000000 00:00 0 
7b6b12af2000-7b6b12af3000 ---p 00000000 00:00 0 
7b6b12af3000-7b6b12bf9000 rw-p 00000000 00:00 0 
7b6b12bf9000-7b6b12cdf000 ---p 00000000 00:00 0 
7b6b12cdf000-7b6b12ce5000 rw-p 00000000 00:00 0 
7b6b12ce5000-7b6b12dca000 ---p 00000000 00:00 0 
7b6b12dca000-7b6b12dcf000 rw-p 00000000 00:00 0 
7b6b12dcf000-7b6b12dd6000 ---p 00000000 00:00 0 
7b6b12dd6000-7b6b12dd8000 r--p 00000000 00:2c 145234                     /usr/lib/jvm/java-11-openjdk-amd64/lib/libzip.so
7b6b12dd8000-7b6b12ddc000 r-xp 00002000 00:2c 145234                     /usr/lib/jvm/java-11-openjdk-amd64/lib/libzip.so
7b6b12ddc000-7b6b12dde000 r--p 00006000 00:2c 145234                     /usr/lib/jvm/java-11-openjdk-amd64/lib/libzip.so
7b6b12dde000-7b6b12ddf000 r--p 00007000 00:2c 145234                     /usr/lib/jvm/java-11-openjdk-amd64/lib/libzip.so
7b6b12ddf000-7b6b12de0000 rw-p 00008000 00:2c 145234                     /usr/lib/jvm/java-11-openjdk-amd64/lib/libzip.so
7b6b12de0000-7b6b12de3000 r--p 00000000 00:2c 119651                     /usr/lib/x86_64-linux-gnu/libnss_files-2.31.so
7b6b12de3000-7b6b12dea000 r-xp 00003000 00:2c 119651                     /usr/lib/x86_64-linux-gnu/libnss_files-2.31.so
7b6b12dea000-7b6b12dec000 r--p 0000a000 00:2c 119651                     /usr/lib/x86_64-linux-gnu/libnss_files-2.31.so
7b6b12dec000-7b6b12ded000 r--p 0000b000 00:2c 119651                     /usr/lib/x86_64-linux-gnu/libnss_files-2.31.so
7b6b12ded000-7b6b12dee000 rw-p 0000c000 00:2c 119651                     /usr/lib/x86_64-linux-gnu/libnss_files-2.31.so
7b6b12dee000-7b6b12df4000 rw-p 00000000 00:00 0 
7b6b12df4000-7b6b12df6000 r--s 0000c000 00:2c 145439                     /usr/share/java/java-atk-wrapper.jar
7b6b12df6000-7b6b12dfe000 rw-s 00000000 00:2c 490312                     /tmp/hsperfdata_sionaravi/23047
7b6b12dfe000-7b6b12dff000 ---p 00000000 00:00 0 
7b6b12dff000-7b6b12e00000 r--p 00000000 00:00 0 
7b6b12e00000-7b6b12e0e000 r--p 00000000 00:2c 145214                     /usr/lib/jvm/java-11-openjdk-amd64/lib/libjava.so
7b6b12e0e000-7b6b12e23000 r-xp 0000e000 00:2c 145214                     /usr/lib/jvm/java-11-openjdk-amd64/lib/libjava.so
7b6b12e23000-7b6b12e2a000 r--p 00023000 00:2c 145214                     /usr/lib/jvm/java-11-openjdk-amd64/lib/libjava.so
7b6b12e2a000-7b6b12e2b000 r--p 00029000 00:2c 145214                     /usr/lib/jvm/java-11-openjdk-amd64/lib/libjava.so
7b6b12e2b000-7b6b12e2c000 rw-p 0002a000 00:2c 145214                     /usr/lib/jvm/java-11-openjdk-amd64/lib/libjava.so
7b6b12e2c000-7b6b12e2d000 rw-p 00000000 00:00 0 
7b6b12e2d000-7b6b12e32000 r--p 00000000 00:2c 145233                     /usr/lib/jvm/java-11-openjdk-amd64/lib/libverify.so
7b6b12e32000-7b6b12e39000 r-xp 00005000 00:2c 145233                     /usr/lib/jvm/java-11-openjdk-amd64/lib/libverify.so
7b6b12e39000-7b6b12e3b000 r--p 0000c000 00:2c 145233                     /usr/lib/jvm/java-11-openjdk-amd64/lib/libverify.so
7b6b12e3b000-7b6b12e3c000 ---p 0000e000 00:2c 145233                     /usr/lib/jvm/java-11-openjdk-amd64/lib/libverify.so
7b6b12e3c000-7b6b12e3e000 r--p 0000e000 00:2c 145233                     /usr/lib/jvm/java-11-openjdk-amd64/lib/libverify.so
7b6b12e3e000-7b6b12e3f000 rw-p 00010000 00:2c 145233                     /usr/lib/jvm/java-11-openjdk-amd64/lib/libverify.so
7b6b12e3f000-7b6b12e41000 r--p 00000000 00:2c 119656                     /usr/lib/x86_64-linux-gnu/librt-2.31.so
7b6b12e41000-7b6b12e45000 r-xp 00002000 00:2c 119656                     /usr/lib/x86_64-linux-gnu/librt-2.31.so
7b6b12e45000-7b6b12e47000 r--p 00006000 00:2c 119656                     /usr/lib/x86_64-linux-gnu/librt-2.31.so
7b6b12e47000-7b6b12e48000 r--p 00007000 00:2c 119656                     /usr/lib/x86_64-linux-gnu/librt-2.31.so
7b6b12e48000-7b6b12e49000 rw-p 00008000 00:2c 119656                     /usr/lib/x86_64-linux-gnu/librt-2.31.so
7b6b12e49000-7b6b12e4d000 ---p 00000000 00:00 0 
7b6b12e4d000-7b6b12f4a000 rw-p 00000000 00:00 0 
7b6b12f4a000-7b6b12f4d000 r--p 00000000 00:2c 4725                       /usr/lib/x86_64-linux-gnu/libgcc_s.so.1
7b6b12f4d000-7b6b12f5e000 r-xp 00003000 00:2c 4725                       /usr/lib/x86_64-linux-gnu/libgcc_s.so.1
7b6b12f5e000-7b6b12f62000 r--p 00014000 00:2c 4725                       /usr/lib/x86_64-linux-gnu/libgcc_s.so.1
7b6b12f62000-7b6b12f63000 r--p 00017000 00:2c 4725                       /usr/lib/x86_64-linux-gnu/libgcc_s.so.1
7b6b12f63000-7b6b12f64000 rw-p 00018000 00:2c 4725                       /usr/lib/x86_64-linux-gnu/libgcc_s.so.1
7b6b12f64000-7b6b12f71000 r--p 00000000 00:2c 119645                     /usr/lib/x86_64-linux-gnu/libm-2.31.so
7b6b12f71000-7b6b1300b000 r-xp 0000d000 00:2c 119645                     /usr/lib/x86_64-linux-gnu/libm-2.31.so
7b6b1300b000-7b6b130a6000 r--p 000a7000 00:2c 119645                     /usr/lib/x86_64-linux-gnu/libm-2.31.so
7b6b130a6000-7b6b130a7000 r--p 00141000 00:2c 119645                     /usr/lib/x86_64-linux-gnu/libm-2.31.so
7b6b130a7000-7b6b130a8000 rw-p 00142000 00:2c 119645                     /usr/lib/x86_64-linux-gnu/libm-2.31.so
7b6b130a8000-7b6b1313e000 r--p 00000000 00:2c 5051                       /usr/lib/x86_64-linux-gnu/libstdc++.so.6.0.28
7b6b1313e000-7b6b1321a000 r-xp 00096000 00:2c 5051                       /usr/lib/x86_64-linux-gnu/libstdc++.so.6.0.28
7b6b1321a000-7b6b13264000 r--p 00172000 00:2c 5051                       /usr/lib/x86_64-linux-gnu/libstdc++.so.6.0.28
7b6b13264000-7b6b1326f000 r--p 001bb000 00:2c 5051                       /usr/lib/x86_64-linux-gnu/libstdc++.so.6.0.28
7b6b1326f000-7b6b13272000 rw-p 001c6000 00:2c 5051                       /usr/lib/x86_64-linux-gnu/libstdc++.so.6.0.28
7b6b13272000-7b6b13275000 rw-p 00000000 00:00 0 
7b6b13275000-7b6b134f7000 r--p 00000000 00:2c 145240                     /usr/lib/jvm/java-11-openjdk-amd64/lib/server/libjvm.so
7b6b134f7000-7b6b14157000 r-xp 00282000 00:2c 145240                     /usr/lib/jvm/java-11-openjdk-amd64/lib/server/libjvm.so
7b6b14157000-7b6b143b9000 r--p 00ee2000 00:2c 145240                     /usr/lib/jvm/java-11-openjdk-amd64/lib/server/libjvm.so
7b6b143b9000-7b6b1447d000 r--p 01143000 00:2c 145240                     /usr/lib/jvm/java-11-openjdk-amd64/lib/server/libjvm.so
7b6b1447d000-7b6b144b8000 rw-p 01207000 00:2c 145240                     /usr/lib/jvm/java-11-openjdk-amd64/lib/server/libjvm.so
7b6b144b8000-7b6b14511000 rw-p 00000000 00:00 0 
7b6b14511000-7b6b14517000 r--p 00000000 00:2c 119654                     /usr/lib/x86_64-linux-gnu/libpthread-2.31.so
7b6b14517000-7b6b14527000 r-xp 00006000 00:2c 119654                     /usr/lib/x86_64-linux-gnu/libpthread-2.31.so
7b6b14527000-7b6b1452d000 r--p 00016000 00:2c 119654                     /usr/lib/x86_64-linux-gnu/libpthread-2.31.so
7b6b1452d000-7b6b1452e000 r--p 0001b000 00:2c 119654                     /usr/lib/x86_64-linux-gnu/libpthread-2.31.so
7b6b1452e000-7b6b1452f000 rw-p 0001c000 00:2c 119654                     /usr/lib/x86_64-linux-gnu/libpthread-2.31.so
7b6b1452f000-7b6b14533000 rw-p 00000000 00:00 0 
7b6b14533000-7b6b14534000 r--p 00000000 00:2c 119644                     /usr/lib/x86_64-linux-gnu/libdl-2.31.so
7b6b14534000-7b6b14536000 r-xp 00001000 00:2c 119644                     /usr/lib/x86_64-linux-gnu/libdl-2.31.so
7b6b14536000-7b6b14537000 r--p 00003000 00:2c 119644                     /usr/lib/x86_64-linux-gnu/libdl-2.31.so
7b6b14537000-7b6b14538000 r--p 00003000 00:2c 119644                     /usr/lib/x86_64-linux-gnu/libdl-2.31.so
7b6b14538000-7b6b14539000 rw-p 00004000 00:2c 119644                     /usr/lib/x86_64-linux-gnu/libdl-2.31.so
7b6b14539000-7b6b1453c000 r--p 00000000 00:2c 5203                       /usr/lib/x86_64-linux-gnu/libz.so.1.2.11
7b6b1453c000-7b6b1454d000 r-xp 00003000 00:2c 5203                       /usr/lib/x86_64-linux-gnu/libz.so.1.2.11
7b6b1454d000-7b6b14553000 r--p 00014000 00:2c 5203                       /usr/lib/x86_64-linux-gnu/libz.so.1.2.11
7b6b14553000-7b6b14554000 ---p 0001a000 00:2c 5203                       /usr/lib/x86_64-linux-gnu/libz.so.1.2.11
7b6b14554000-7b6b14555000 r--p 0001a000 00:2c 5203                       /usr/lib/x86_64-linux-gnu/libz.so.1.2.11
7b6b14555000-7b6b14556000 rw-p 0001b000 00:2c 5203                       /usr/lib/x86_64-linux-gnu/libz.so.1.2.11
7b6b14556000-7b6b14578000 r--p 00000000 00:2c 119643                     /usr/lib/x86_64-linux-gnu/libc-2.31.so
7b6b14578000-7b6b146d2000 r-xp 00022000 00:2c 119643                     /usr/lib/x86_64-linux-gnu/libc-2.31.so
7b6b146d2000-7b6b14721000 r--p 0017c000 00:2c 119643                     /usr/lib/x86_64-linux-gnu/libc-2.31.so
7b6b14721000-7b6b14725000 r--p 001ca000 00:2c 119643                     /usr/lib/x86_64-linux-gnu/libc-2.31.so
7b6b14725000-7b6b14727000 rw-p 001ce000 00:2c 119643                     /usr/lib/x86_64-linux-gnu/libc-2.31.so
7b6b14727000-7b6b1472b000 rw-p 00000000 00:00 0 
7b6b1472c000-7b6b1472e000 r--p 00000000 00:2c 145217                     /usr/lib/jvm/java-11-openjdk-amd64/lib/libjimage.so
7b6b1472e000-7b6b14731000 r-xp 00002000 00:2c 145217                     /usr/lib/jvm/java-11-openjdk-amd64/lib/libjimage.so
7b6b14731000-7b6b14732000 r--p 00005000 00:2c 145217                     /usr/lib/jvm/java-11-openjdk-amd64/lib/libjimage.so
7b6b14732000-7b6b14733000 ---p 00006000 00:2c 145217                     /usr/lib/jvm/java-11-openjdk-amd64/lib/libjimage.so
7b6b14733000-7b6b14734000 r--p 00006000 00:2c 145217                     /usr/lib/jvm/java-11-openjdk-amd64/lib/libjimage.so
7b6b14734000-7b6b14735000 rw-p 00007000 00:2c 145217                     /usr/lib/jvm/java-11-openjdk-amd64/lib/libjimage.so
7b6b14735000-7b6b14738000 r--p 00000000 00:2c 145199                     /usr/lib/jvm/java-11-openjdk-amd64/lib/jli/libjli.so
7b6b14738000-7b6b14742000 r-xp 00003000 00:2c 145199                     /usr/lib/jvm/java-11-openjdk-amd64/lib/jli/libjli.so
7b6b14742000-7b6b14745000 r--p 0000d000 00:2c 145199                     /usr/lib/jvm/java-11-openjdk-amd64/lib/jli/libjli.so
7b6b14745000-7b6b14746000 ---p 00010000 00:2c 145199                     /usr/lib/jvm/java-11-openjdk-amd64/lib/jli/libjli.so
7b6b14746000-7b6b14747000 r--p 00010000 00:2c 145199                     /usr/lib/jvm/java-11-openjdk-amd64/lib/jli/libjli.so
7b6b14747000-7b6b14748000 rw-p 00011000 00:2c 145199                     /usr/lib/jvm/java-11-openjdk-amd64/lib/jli/libjli.so
7b6b14748000-7b6b1474a000 rw-p 00000000 00:00 0 
7b6b1474a000-7b6b1474b000 r--p 00000000 00:2c 119639                     /usr/lib/x86_64-linux-gnu/ld-2.31.so
7b6b1474b000-7b6b1476b000 r-xp 00001000 00:2c 119639                     /usr/lib/x86_64-linux-gnu/ld-2.31.so
7b6b1476b000-7b6b14773000 r--p 00021000 00:2c 119639                     /usr/lib/x86_64-linux-gnu/ld-2.31.so
7b6b14774000-7b6b14775000 r--p 00029000 00:2c 119639                     /usr/lib/x86_64-linux-gnu/ld-2.31.so
7b6b14775000-7b6b14776000 rw-p 0002a000 00:2c 119639                     /usr/lib/x86_64-linux-gnu/ld-2.31.so
7b6b14776000-7b6b14777000 rw-p 00000000 00:00 0 
7ffe255f4000-7ffe25616000 rw-p 00000000 00:00 0                          [stack]
7ffe25687000-7ffe2568b000 r--p 00000000 00:00 0                          [vvar]
7ffe2568b000-7ffe2568d000 r-xp 00000000 00:00 0                          [vdso]
ffffffffff600000-ffffffffff601000 --xp 00000000 00:00 0                  [vsyscall]


VM Arguments:
jvm_args: -Xmx64m -Xms64m -Dorg.gradle.appname=gradlew 
java_command: org.gradle.wrapper.GradleWrapperMain app:installDebug -PreactNativeDevServerPort=8081
java_class_path (initial): /home/sionaravi/CodersNotPosers-1/android/gradle/wrapper/gradle-wrapper.jar
Launcher Type: SUN_STANDARD

[Global flags]
     intx CICompilerCount                          = 3                                         {product} {ergonomic}
     uint ConcGCThreads                            = 1                                         {product} {ergonomic}
     uint G1ConcRefinementThreads                  = 4                                         {product} {ergonomic}
   size_t G1HeapRegionSize                         = 1048576                                   {product} {ergonomic}
    uintx GCDrainStackTargetSize                   = 64                                        {product} {ergonomic}
   size_t InitialHeapSize                          = 67108864                                  {product} {command line}
   size_t MarkStackSize                            = 4194304                                   {product} {ergonomic}
   size_t MaxHeapSize                              = 67108864                                  {product} {command line}
   size_t MaxNewSize                               = 39845888                                  {product} {ergonomic}
   size_t MinHeapDeltaBytes                        = 1048576                                   {product} {ergonomic}
    uintx NonNMethodCodeHeapSize                   = 5830732                                {pd product} {ergonomic}
    uintx NonProfiledCodeHeapSize                  = 122913754                              {pd product} {ergonomic}
    uintx ProfiledCodeHeapSize                     = 122913754                              {pd product} {ergonomic}
    uintx ReservedCodeCacheSize                    = 251658240                              {pd product} {ergonomic}
     bool SegmentedCodeCache                       = true                                      {product} {ergonomic}
     bool UseCompressedClassPointers               = true                                 {lp64_product} {ergonomic}
     bool UseCompressedOops                        = true                                 {lp64_product} {ergonomic}
     bool UseG1GC                                  = true                                      {product} {ergonomic}

Logging:
Log output configuration:
 #0: stdout all=warning uptime,level,tags
 #1: stderr all=off uptime,level,tags

Environment Variables:
PATH=/home/sionaravi/CodersNotPosers-1/android/node_modules/.bin:/home/sionaravi/CodersNotPosers-1/node_modules/.bin:/home/sionaravi/node_modules/.bin:/home/node_modules/.bin:/node_modules/.bin:/usr/bin:/home/sionaravi/CodersNotPosers-1/node_modules/.bin:/home/sionaravi/CodersNotPosers-1/node_modules/.bin:/home/sionaravi/node_modules/.bin:/home/node_modules/.bin:/node_modules/.bin:/usr/lib/node_modules/npm/node_modules/@npmcli/run-script/lib/node-gyp-bin:/usr/local/bin:/usr/bin:/bin:/usr/local/games:/usr/games
SHELL=/bin/bash
DISPLAY=:0
LANG=en_US.UTF-8
TERM=xterm-256color

Signal Handlers:
SIGSEGV: [libjvm.so+0xe70930], sa_mask[0]=11111111011111111101111111111110, sa_flags=SA_RESTART|SA_SIGINFO
SIGBUS: [libjvm.so+0xe70930], sa_mask[0]=11111111011111111101111111111110, sa_flags=SA_RESTART|SA_SIGINFO
SIGFPE: [libjvm.so+0xe70930], sa_mask[0]=11111111011111111101111111111110, sa_flags=SA_RESTART|SA_SIGINFO
SIGPIPE: [libjvm.so+0xbc1d50], sa_mask[0]=11111111011111111101111111111110, sa_flags=SA_RESTART|SA_SIGINFO
SIGXFSZ: [libjvm.so+0xbc1d50], sa_mask[0]=11111111011111111101111111111110, sa_flags=SA_RESTART|SA_SIGINFO
SIGILL: [libjvm.so+0xe70930], sa_mask[0]=11111111011111111101111111111110, sa_flags=SA_RESTART|SA_SIGINFO
SIGUSR2: [libjvm.so+0xbc1bf0], sa_mask[0]=00000000000000000000000000000000, sa_flags=SA_RESTART|SA_SIGINFO
SIGHUP: [libjvm.so+0xbc1fd0], sa_mask[0]=11111111011111111101111111111110, sa_flags=SA_RESTART|SA_SIGINFO
SIGINT: [libjvm.so+0xbc1fd0], sa_mask[0]=11111111011111111101111111111110, sa_flags=SA_RESTART|SA_SIGINFO
SIGTERM: [libjvm.so+0xbc1fd0], sa_mask[0]=11111111011111111101111111111110, sa_flags=SA_RESTART|SA_SIGINFO
SIGQUIT: [libjvm.so+0xbc1fd0], sa_mask[0]=11111111011111111101111111111110, sa_flags=SA_RESTART|SA_SIGINFO


---------------  S Y S T E M  ---------------

OS:PRETTY_NAME="Debian GNU/Linux 11 (bullseye)"
NAME="Debian GNU/Linux"
VERSION_ID="11"
VERSION="11 (bullseye)"
VERSION_CODENAME=bullseye
ID=debian
HOME_URL="https://www.debian.org/"
SUPPORT_URL="https://www.debian.org/support"
BUG_REPORT_URL="https://bugs.debian.org/"
uname:Linux 5.10.159-20948-g74a145af2334 #1 SMP PREEMPT Sun Feb 12 18:09:42 PST 2023 x86_64
OS uptime: 2 days 7:18 hours
libc:glibc 2.31 NPTL 2.31 
rlimit (soft/hard): STACK 8192k/infinity , CORE 0k/infinity , NPROC 26307/26307 , NOFILE 1048576/1048576 , AS infinity/infinity , CPU infinity/infinity , DATA infinity/infinity , FSIZE infinity/infinity , MEMLOCK infinity/infinity
load average:8.18 3.51 1.52

/proc/meminfo:
MemTotal:        6739752 kB
MemFree:         3160300 kB
MemAvailable:    3642628 kB
Buffers:               0 kB
Cached:           482328 kB
SwapCached:            0 kB
Active:           119920 kB
Inactive:        3211688 kB
Active(anon):       1980 kB
Inactive(anon):  3017256 kB
Active(file):     117940 kB
Inactive(file):   194432 kB
Unevictable:      150612 kB
Mlocked:              32 kB
SwapTotal:             0 kB
SwapFree:              0 kB
Dirty:               264 kB
Writeback:          1056 kB
AnonPages:       2849616 kB
Mapped:           111804 kB
Shmem:            169620 kB
KReclaimable:      54664 kB
Slab:                  0 kB
SReclaimable:          0 kB
SUnreclaim:            0 kB
KernelStack:       12480 kB
PageTables:        37984 kB
NFS_Unstable:          0 kB
Bounce:                0 kB
WritebackTmp:          0 kB
CommitLimit:     3369876 kB
Committed_AS:    9888244 kB
VmallocTotal:   34359738367 kB
VmallocUsed:       14192 kB
VmallocChunk:          0 kB
Percpu:             2352 kB
AnonHugePages:         0 kB
ShmemHugePages:        0 kB
ShmemPmdMapped:        0 kB
FileHugePages:         0 kB
FilePmdMapped:         0 kB
HugePages_Total:       0
HugePages_Free:        0
HugePages_Rsvd:        0
HugePages_Surp:        0
Hugepagesize:       2048 kB
Hugetlb:               0 kB
DirectMap4k:      166912 kB
DirectMap2M:     6195200 kB
DirectMap1G:     2097152 kB

/sys/kernel/mm/transparent_hugepage/enabled:
always [madvise] never
/sys/kernel/mm/transparent_hugepage/defrag (defrag/compaction efforts parameter):
always defer defer+madvise [madvise] never

Process Memory:
Virtual Size: 3133716K (peak: 11417512K)
Resident Set Size: 66716K (peak: 93360K) (anon: 64760K, file: 1956K, shmem: 0K)
Swapped out: 0K
C-Heap outstanding allocations: 21140K, retained: 7599K
glibc malloc tunables: (default)

/proc/sys/kernel/threads-max (system-wide limit on the number of threads):
52614
/proc/sys/vm/max_map_count (maximum number of memory map areas a process may have):
262144
/proc/sys/kernel/pid_max (system-wide limit on number of process identifiers):
32768

container (cgroup) information:
container_type: cgroupv1
cpu_cpuset_cpus: 0-3
cpu_memory_nodes: 0
active_processor_count: 4
cpu_quota: no quota
cpu_period: 100000
cpu_shares: no shares
memory_limit_in_bytes: unlimited
memory_and_swap_limit_in_bytes: not supported
memory_soft_limit_in_bytes: unlimited
memory_usage_in_bytes: 3533720 k
memory_max_usage_in_bytes: 3872464 k
maximum number of tasks: unlimited
current number of tasks: 603

KVM virtualization detected
Steal ticks since vm start: 0
Steal ticks percentage since vm start:  0.000

CPU:total 4 (initial active 4) (4 cores per cpu, 2 threads per core) family 25 model 80 stepping 0 microcode 0x1000065, cmov, cx8, fxsr, mmx, sse, sse2, sse3, ssse3, sse4.1, sse4.2, popcnt, avx, avx2, aes, clmul, erms, mmxext, 3dnowpref, lzcnt, sse4a, ht, tsc, tscinvbit, tscinv, bmi1, bmi2, adx, sha, fma
CPU Model and flags from /proc/cpuinfo:
model name	: AMD Ryzen 3 5125C with Radeon Graphics
flags		: fpu vme de pse tsc msr pae mce cx8 apic sep mtrr pge mca cmov pat pse36 clflush mmx fxsr sse sse2 ht syscall nx mmxext fxsr_opt pdpe1gb rdtscp lm constant_tsc rep_good nopl nonstop_tsc cpuid extd_apicid tsc_known_freq pni pclmulqdq ssse3 fma cx16 sse4_1 sse4_2 x2apic movbe popcnt tsc_deadline_timer aes xsave avx f16c rdrand hypervisor lahf_lm cmp_legacy svm cr8_legacy abm sse4a misalignsse 3dnowprefetch osvw topoext perfctr_core ssbd ibrs ibpb stibp vmmcall fsgsbase tsc_adjust bmi1 avx2 smep bmi2 erms invpcid rdseed adx smap clflushopt clwb sha_ni xsaveopt xsavec xgetbv1 xsaves clzero xsaveerptr wbnoinvd arat npt nrip_save umip pku ospke vaes vpclmulqdq rdpid fsrm arch_capabilities
Online cpus:
0-3
Offline cpus:

BIOS frequency limitation:
<Not Available>
Frequency switch latency (ns):
<Not Available>
Available cpu frequencies:
<Not Available>
Current governor:
<Not Available>
Core performance/turbo boost:
<Not Available>

Memory: 4k page, physical 6739752k(248112k free), swap 0k(0k free)

vm_info: OpenJDK 64-Bit Server VM (11.0.18+10-post-Debian-1deb11u1) for linux-amd64 JRE (11.0.18+10-post-Debian-1deb11u1), built on Jan 27 2023 14:52:45 by "unknown" with gcc 10.2.1 20210110

END.
